This is pdfTeX, Version 3.141592653-2.6-1.40.27 (TeX Live 2026/dev/Arch Linux) (preloaded format=pdflatex 2025.6.21)  24 JUN 2025 09:35
entering extended mode
 \write18 enabled.
 %&-line parsing enabled.
**manuale.tex
(./manuale.tex
LaTeX2e <2024-11-01> patch level 2
L3 programming layer <2025-01-18>
(/usr/share/texmf-dist/tex/latex/base/article.cls
Document Class: article 2024/06/29 v1.4n Standard LaTeX document class
(/usr/share/texmf-dist/tex/latex/base/size10.clo
File: size10.clo 2024/06/29 v1.4n Standard LaTeX file (size option)
)
\c@part=\count196
\c@section=\count197
\c@subsection=\count198
\c@subsubsection=\count199
\c@paragraph=\count266
\c@subparagraph=\count267
\c@figure=\count268
\c@table=\count269
\abovecaptionskip=\skip49
\belowcaptionskip=\skip50
\bibindent=\dimen141
)
(/usr/share/texmf-dist/tex/latex/amsmath/amsmath.sty
Package: amsmath 2024/11/05 v2.17t AMS math features
\@mathmargin=\skip51

For additional information on amsmath, use the `?' option.
(/usr/share/texmf-dist/tex/latex/amsmath/amstext.sty
Package: amstext 2021/08/26 v2.01 AMS text

(/usr/share/texmf-dist/tex/latex/amsmath/amsgen.sty
File: amsgen.sty 1999/11/30 v2.0 generic functions
\@emptytoks=\toks17
\ex@=\dimen142
))
(/usr/share/texmf-dist/tex/latex/amsmath/amsbsy.sty
Package: amsbsy 1999/11/29 v1.2d Bold Symbols
\pmbraise@=\dimen143
)
(/usr/share/texmf-dist/tex/latex/amsmath/amsopn.sty
Package: amsopn 2022/04/08 v2.04 operator names
)
\inf@bad=\count270
LaTeX Info: Redefining \frac on input line 233.
\uproot@=\count271
\leftroot@=\count272
LaTeX Info: Redefining \overline on input line 398.
LaTeX Info: Redefining \colon on input line 409.
\classnum@=\count273
\DOTSCASE@=\count274
LaTeX Info: Redefining \ldots on input line 495.
LaTeX Info: Redefining \dots on input line 498.
LaTeX Info: Redefining \cdots on input line 619.
\Mathstrutbox@=\box52
\strutbox@=\box53
LaTeX Info: Redefining \big on input line 721.
LaTeX Info: Redefining \Big on input line 722.
LaTeX Info: Redefining \bigg on input line 723.
LaTeX Info: Redefining \Bigg on input line 724.
\big@size=\dimen144
LaTeX Font Info:    Redeclaring font encoding OML on input line 742.
LaTeX Font Info:    Redeclaring font encoding OMS on input line 743.
\macc@depth=\count275
LaTeX Info: Redefining \bmod on input line 904.
LaTeX Info: Redefining \pmod on input line 909.
LaTeX Info: Redefining \smash on input line 939.
LaTeX Info: Redefining \relbar on input line 969.
LaTeX Info: Redefining \Relbar on input line 970.
\c@MaxMatrixCols=\count276
\dotsspace@=\muskip17
\c@parentequation=\count277
\dspbrk@lvl=\count278
\tag@help=\toks18
\row@=\count279
\column@=\count280
\maxfields@=\count281
\andhelp@=\toks19
\eqnshift@=\dimen145
\alignsep@=\dimen146
\tagshift@=\dimen147
\tagwidth@=\dimen148
\totwidth@=\dimen149
\lineht@=\dimen150
\@envbody=\toks20
\multlinegap=\skip52
\multlinetaggap=\skip53
\mathdisplay@stack=\toks21
LaTeX Info: Redefining \[ on input line 2953.
LaTeX Info: Redefining \] on input line 2954.
)
(/usr/share/texmf-dist/tex/latex/amsfonts/amssymb.sty
Package: amssymb 2013/01/14 v3.01 AMS font symbols

(/usr/share/texmf-dist/tex/latex/amsfonts/amsfonts.sty
Package: amsfonts 2013/01/14 v3.01 Basic AMSFonts support
\symAMSa=\mathgroup4
\symAMSb=\mathgroup5
LaTeX Font Info:    Redeclaring math symbol \hbar on input line 98.
LaTeX Font Info:    Overwriting math alphabet `\mathfrak' in version `bold'
(Font)                  U/euf/m/n --> U/euf/b/n on input line 106.
))
(/usr/share/texmf-dist/tex/generic/iftex/iftex.sty
Package: iftex 2024/12/12 v1.0g TeX engine tests
)
(/usr/share/texmf-dist/tex/latex/base/fontenc.sty
Package: fontenc 2021/04/29 v2.0v Standard LaTeX package
)
(/usr/share/texmf-dist/tex/latex/base/inputenc.sty
Package: inputenc 2024/02/08 v1.3d Input encoding file
\inpenc@prehook=\toks22
\inpenc@posthook=\toks23
)
(/usr/share/texmf-dist/tex/latex/base/textcomp.sty
Package: textcomp 2024/04/24 v2.1b Standard LaTeX package
)
(/usr/share/texmf-dist/tex/latex/lm/lmodern.sty
Package: lmodern 2015/05/01 v1.6.1 Latin Modern Fonts
LaTeX Font Info:    Overwriting symbol font `operators' in version `normal'
(Font)                  OT1/cmr/m/n --> OT1/lmr/m/n on input line 22.
LaTeX Font Info:    Overwriting symbol font `letters' in version `normal'
(Font)                  OML/cmm/m/it --> OML/lmm/m/it on input line 23.
LaTeX Font Info:    Overwriting symbol font `symbols' in version `normal'
(Font)                  OMS/cmsy/m/n --> OMS/lmsy/m/n on input line 24.
LaTeX Font Info:    Overwriting symbol font `largesymbols' in version `normal'
(Font)                  OMX/cmex/m/n --> OMX/lmex/m/n on input line 25.
LaTeX Font Info:    Overwriting symbol font `operators' in version `bold'
(Font)                  OT1/cmr/bx/n --> OT1/lmr/bx/n on input line 26.
LaTeX Font Info:    Overwriting symbol font `letters' in version `bold'
(Font)                  OML/cmm/b/it --> OML/lmm/b/it on input line 27.
LaTeX Font Info:    Overwriting symbol font `symbols' in version `bold'
(Font)                  OMS/cmsy/b/n --> OMS/lmsy/b/n on input line 28.
LaTeX Font Info:    Overwriting symbol font `largesymbols' in version `bold'
(Font)                  OMX/cmex/m/n --> OMX/lmex/m/n on input line 29.
LaTeX Font Info:    Overwriting math alphabet `\mathbf' in version `normal'
(Font)                  OT1/cmr/bx/n --> OT1/lmr/bx/n on input line 31.
LaTeX Font Info:    Overwriting math alphabet `\mathsf' in version `normal'
(Font)                  OT1/cmss/m/n --> OT1/lmss/m/n on input line 32.
LaTeX Font Info:    Overwriting math alphabet `\mathit' in version `normal'
(Font)                  OT1/cmr/m/it --> OT1/lmr/m/it on input line 33.
LaTeX Font Info:    Overwriting math alphabet `\mathtt' in version `normal'
(Font)                  OT1/cmtt/m/n --> OT1/lmtt/m/n on input line 34.
LaTeX Font Info:    Overwriting math alphabet `\mathbf' in version `bold'
(Font)                  OT1/cmr/bx/n --> OT1/lmr/bx/n on input line 35.
LaTeX Font Info:    Overwriting math alphabet `\mathsf' in version `bold'
(Font)                  OT1/cmss/bx/n --> OT1/lmss/bx/n on input line 36.
LaTeX Font Info:    Overwriting math alphabet `\mathit' in version `bold'
(Font)                  OT1/cmr/bx/it --> OT1/lmr/bx/it on input line 37.
LaTeX Font Info:    Overwriting math alphabet `\mathtt' in version `bold'
(Font)                  OT1/cmtt/m/n --> OT1/lmtt/m/n on input line 38.
)
(/usr/share/texmf-dist/tex/latex/upquote/upquote.sty
Package: upquote 2012/04/19 v1.3 upright-quote and grave-accent glyphs in verba
tim
)
(/usr/share/texmf-dist/tex/latex/microtype/microtype.sty
Package: microtype 2025/02/11 v3.2a Micro-typographical refinements (RS)

(/usr/share/texmf-dist/tex/latex/graphics/keyval.sty
Package: keyval 2022/05/29 v1.15 key=value parser (DPC)
\KV@toks@=\toks24
)
(/usr/share/texmf-dist/tex/latex/etoolbox/etoolbox.sty
Package: etoolbox 2025/02/11 v2.5l e-TeX tools for LaTeX (JAW)
\etb@tempcnta=\count282
)
\MT@toks=\toks25
\MT@tempbox=\box54
\MT@count=\count283
LaTeX Info: Redefining \noprotrusionifhmode on input line 1087.
LaTeX Info: Redefining \leftprotrusion on input line 1088.
\MT@prot@toks=\toks26
LaTeX Info: Redefining \rightprotrusion on input line 1107.
LaTeX Info: Redefining \textls on input line 1449.
\MT@outer@kern=\dimen151
LaTeX Info: Redefining \microtypecontext on input line 2053.
LaTeX Info: Redefining \textmicrotypecontext on input line 2070.
\MT@listname@count=\count284

(/usr/share/texmf-dist/tex/latex/microtype/microtype-pdftex.def
File: microtype-pdftex.def 2025/02/11 v3.2a Definitions specific to pdftex (RS)

LaTeX Info: Redefining \lsstyle on input line 944.
LaTeX Info: Redefining \lslig on input line 944.
\MT@outer@space=\skip54
)
Package microtype Info: Loading configuration file microtype.cfg.

(/usr/share/texmf-dist/tex/latex/microtype/microtype.cfg
File: microtype.cfg 2025/02/11 v3.2a microtype main configuration file (RS)
)
LaTeX Info: Redefining \microtypesetup on input line 3065.
)
(/usr/share/texmf-dist/tex/latex/parskip/parskip.sty
Package: parskip 2021-03-14 v2.0h non-zero parskip adjustments

(/usr/share/texmf-dist/tex/latex/kvoptions/kvoptions.sty
Package: kvoptions 2022-06-15 v3.15 Key value format for package options (HO)

(/usr/share/texmf-dist/tex/generic/ltxcmds/ltxcmds.sty
Package: ltxcmds 2023-12-04 v1.26 LaTeX kernel commands for general use (HO)
)
(/usr/share/texmf-dist/tex/latex/kvsetkeys/kvsetkeys.sty
Package: kvsetkeys 2022-10-05 v1.19 Key value parser (HO)
)))
(/usr/share/texmf-dist/tex/latex/xcolor/xcolor.sty
Package: xcolor 2024/09/29 v3.02 LaTeX color extensions (UK)

(/usr/share/texmf-dist/tex/latex/graphics-cfg/color.cfg
File: color.cfg 2016/01/02 v1.6 sample color configuration
)
Package xcolor Info: Driver file: pdftex.def on input line 274.

(/usr/share/texmf-dist/tex/latex/graphics-def/pdftex.def
File: pdftex.def 2024/04/13 v1.2c Graphics/color driver for pdftex
)
(/usr/share/texmf-dist/tex/latex/graphics/mathcolor.ltx)
Package xcolor Info: Model `cmy' substituted by `cmy0' on input line 1349.
Package xcolor Info: Model `hsb' substituted by `rgb' on input line 1353.
Package xcolor Info: Model `RGB' extended on input line 1365.
Package xcolor Info: Model `HTML' substituted by `rgb' on input line 1367.
Package xcolor Info: Model `Hsb' substituted by `hsb' on input line 1368.
Package xcolor Info: Model `tHsb' substituted by `hsb' on input line 1369.
Package xcolor Info: Model `HSB' substituted by `hsb' on input line 1370.
Package xcolor Info: Model `Gray' substituted by `gray' on input line 1371.
Package xcolor Info: Model `wave' substituted by `hsb' on input line 1372.
)
(/usr/share/texmf-dist/tex/latex/fancyvrb/fancyvrb.sty
Package: fancyvrb 2024/01/20 4.5c verbatim text (tvz,hv)
\FV@CodeLineNo=\count285
\FV@InFile=\read2
\FV@TabBox=\box55
\c@FancyVerbLine=\count286
\FV@StepNumber=\count287
\FV@OutFile=\write3
)
(/usr/share/texmf-dist/tex/latex/tools/longtable.sty
Package: longtable 2024-10-27 v4.22 Multi-page Table package (DPC)
\LTleft=\skip55
\LTright=\skip56
\LTpre=\skip57
\LTpost=\skip58
\LTchunksize=\count288
\LTcapwidth=\dimen152
\LT@head=\box56
\LT@firsthead=\box57
\LT@foot=\box58
\LT@lastfoot=\box59
\LT@gbox=\box60
\LT@cols=\count289
\LT@rows=\count290
\c@LT@tables=\count291
\c@LT@chunks=\count292
\LT@p@ftn=\toks27
)
(/usr/share/texmf-dist/tex/latex/booktabs/booktabs.sty
Package: booktabs 2020/01/12 v1.61803398 Publication quality tables
\heavyrulewidth=\dimen153
\lightrulewidth=\dimen154
\cmidrulewidth=\dimen155
\belowrulesep=\dimen156
\belowbottomsep=\dimen157
\aboverulesep=\dimen158
\abovetopsep=\dimen159
\cmidrulesep=\dimen160
\cmidrulekern=\dimen161
\defaultaddspace=\dimen162
\@cmidla=\count293
\@cmidlb=\count294
\@aboverulesep=\dimen163
\@belowrulesep=\dimen164
\@thisruleclass=\count295
\@lastruleclass=\count296
\@thisrulewidth=\dimen165
)
(/usr/share/texmf-dist/tex/latex/tools/array.sty
Package: array 2024/10/17 v2.6g Tabular extension package (FMi)
\col@sep=\dimen166
\ar@mcellbox=\box61
\extrarowheight=\dimen167
\NC@list=\toks28
\extratabsurround=\skip59
\backup@length=\skip60
\ar@cellbox=\box62
)
(/usr/share/texmf-dist/tex/latex/tools/calc.sty
Package: calc 2023/07/08 v4.3 Infix arithmetic (KKT,FJ)
\calc@Acount=\count297
\calc@Bcount=\count298
\calc@Adimen=\dimen168
\calc@Bdimen=\dimen169
\calc@Askip=\skip61
\calc@Bskip=\skip62
LaTeX Info: Redefining \setlength on input line 80.
LaTeX Info: Redefining \addtolength on input line 81.
\calc@Ccount=\count299
\calc@Cskip=\skip63
)
(/usr/share/texmf-dist/tex/latex/footnotehyper/footnotehyper.sty
Package: footnotehyper 2021/08/13 v1.1e hyperref aware footnote.sty (JFB)
\FNH@notes=\box63
\FNH@width=\dimen170
\FNH@toks=\toks29
)
(/usr/share/texmf-dist/tex/latex/graphics/graphicx.sty
Package: graphicx 2021/09/16 v1.2d Enhanced LaTeX Graphics (DPC,SPQR)

(/usr/share/texmf-dist/tex/latex/graphics/graphics.sty
Package: graphics 2024/08/06 v1.4g Standard LaTeX Graphics (DPC,SPQR)

(/usr/share/texmf-dist/tex/latex/graphics/trig.sty
Package: trig 2023/12/02 v1.11 sin cos tan (DPC)
)
(/usr/share/texmf-dist/tex/latex/graphics-cfg/graphics.cfg
File: graphics.cfg 2016/06/04 v1.11 sample graphics configuration
)
Package graphics Info: Driver file: pdftex.def on input line 106.
)
\Gin@req@height=\dimen171
\Gin@req@width=\dimen172
)
(/usr/share/texmf-dist/tex/latex/svg/svg.sty
Package: svg 2020/11/26 v2.02k (include SVG pictures)

(/usr/share/texmf-dist/tex/latex/koma-script/scrbase.sty
Package: scrbase 2024/10/24 v3.43 KOMA-Script package (KOMA-Script-independent 
basics and keyval usage)

(/usr/share/texmf-dist/tex/latex/koma-script/scrlfile.sty
Package: scrlfile 2024/10/24 v3.43 KOMA-Script package (file load hooks)

(/usr/share/texmf-dist/tex/latex/koma-script/scrlfile-hook.sty
Package: scrlfile-hook 2024/10/24 v3.43 KOMA-Script package (using LaTeX hooks)


(/usr/share/texmf-dist/tex/latex/koma-script/scrlogo.sty
Package: scrlogo 2024/10/24 v3.43 KOMA-Script package (logo)
)))
Applying: [2021/05/01] Usage of raw or classic option list on input line 254.
Already applied: [0000/00/00] Usage of raw or classic option list on input line
 370.
)
(/usr/share/texmf-dist/tex/generic/pdftexcmds/pdftexcmds.sty
Package: pdftexcmds 2020-06-27 v0.33 Utility functions of pdfTeX for LuaTeX (HO
)

(/usr/share/texmf-dist/tex/generic/infwarerr/infwarerr.sty
Package: infwarerr 2019/12/03 v1.5 Providing info/warning/error messages (HO)
)
Package pdftexcmds Info: \pdf@primitive is available.
Package pdftexcmds Info: \pdf@ifprimitive is available.
Package pdftexcmds Info: \pdfdraftmode found.
)
(/usr/share/texmf-dist/tex/latex/trimspaces/trimspaces.sty
Package: trimspaces 2009/09/17 v1.1 Trim spaces around a token list
)
(/usr/share/texmf-dist/tex/latex/tools/shellesc.sty
Package: shellesc 2023/07/08 v1.0d unified shell escape interface for LaTeX
Package shellesc Info: Unrestricted shell escape enabled on input line 75.
)
(/usr/share/texmf-dist/tex/latex/ifplatform/ifplatform.sty
Package: ifplatform 2017/10/13 v0.4a Testing for the operating system

(/usr/share/texmf-dist/tex/generic/catchfile/catchfile.sty
Package: catchfile 2019/12/09 v1.8 Catch the contents of a file (HO)

(/usr/share/texmf-dist/tex/generic/etexcmds/etexcmds.sty
Package: etexcmds 2019/12/15 v1.7 Avoid name clashes with e-TeX commands (HO)
))
(/usr/share/texmf-dist/tex/generic/iftex/ifluatex.sty
Package: ifluatex 2019/10/25 v1.5 ifluatex legacy package. Use iftex instead.
)
runsystem(uname -s > "manuale.w18")...executed.

 (./manuale.w18)
runsystem(rm -- "manuale.w18")...executed.

)
\c@svg@param@lastpage=\count300
\svg@box=\box64
\c@svg@param@currpage=\count301
)
(/usr/share/texmf-dist/tex/latex/transparent/transparent.sty
Package: transparent 2022-10-27 v1.5 Transparency with color stacks

(/usr/share/texmf-dist/tex/latex/transparent/transparent-nometadata.sty
Package: transparent-nometadata 2022-10-27 v1.5 Transparency via pdfTeX's color
 stack (HO)

(/usr/share/texmf-dist/tex/latex/auxhook/auxhook.sty
Package: auxhook 2019-12-17 v1.6 Hooks for auxiliary files (HO)
)))
(/usr/share/texmf-dist/tex/latex/pgf/systemlayer/pgfsys.sty
(/usr/share/texmf-dist/tex/latex/pgf/utilities/pgfrcs.sty
(/usr/share/texmf-dist/tex/generic/pgf/utilities/pgfutil-common.tex
\pgfutil@everybye=\toks30
\pgfutil@tempdima=\dimen173
\pgfutil@tempdimb=\dimen174
)
(/usr/share/texmf-dist/tex/generic/pgf/utilities/pgfutil-latex.def
\pgfutil@abb=\box65
)
(/usr/share/texmf-dist/tex/generic/pgf/utilities/pgfrcs.code.tex
(/usr/share/texmf-dist/tex/generic/pgf/pgf.revision.tex)
Package: pgfrcs 2023-01-15 v3.1.10 (3.1.10)
))
(/usr/share/texmf-dist/tex/generic/pgf/systemlayer/pgfsys.code.tex
Package: pgfsys 2023-01-15 v3.1.10 (3.1.10)

(/usr/share/texmf-dist/tex/generic/pgf/utilities/pgfkeys.code.tex
\pgfkeys@pathtoks=\toks31
\pgfkeys@temptoks=\toks32

(/usr/share/texmf-dist/tex/generic/pgf/utilities/pgfkeyslibraryfiltered.code.te
x
\pgfkeys@tmptoks=\toks33
))
\pgf@x=\dimen175
\pgf@y=\dimen176
\pgf@xa=\dimen177
\pgf@ya=\dimen178
\pgf@xb=\dimen179
\pgf@yb=\dimen180
\pgf@xc=\dimen181
\pgf@yc=\dimen182
\pgf@xd=\dimen183
\pgf@yd=\dimen184
\w@pgf@writea=\write4
\r@pgf@reada=\read3
\c@pgf@counta=\count302
\c@pgf@countb=\count303
\c@pgf@countc=\count304
\c@pgf@countd=\count305
\t@pgf@toka=\toks34
\t@pgf@tokb=\toks35
\t@pgf@tokc=\toks36
\pgf@sys@id@count=\count306
 (/usr/share/texmf-dist/tex/generic/pgf/systemlayer/pgf.cfg
File: pgf.cfg 2023-01-15 v3.1.10 (3.1.10)
)
Driver file for pgf: pgfsys-pdftex.def

(/usr/share/texmf-dist/tex/generic/pgf/systemlayer/pgfsys-pdftex.def
File: pgfsys-pdftex.def 2023-01-15 v3.1.10 (3.1.10)

(/usr/share/texmf-dist/tex/generic/pgf/systemlayer/pgfsys-common-pdf.def
File: pgfsys-common-pdf.def 2023-01-15 v3.1.10 (3.1.10)
)))
(/usr/share/texmf-dist/tex/generic/pgf/systemlayer/pgfsyssoftpath.code.tex
File: pgfsyssoftpath.code.tex 2023-01-15 v3.1.10 (3.1.10)
\pgfsyssoftpath@smallbuffer@items=\count307
\pgfsyssoftpath@bigbuffer@items=\count308
)
(/usr/share/texmf-dist/tex/generic/pgf/systemlayer/pgfsysprotocol.code.tex
File: pgfsysprotocol.code.tex 2023-01-15 v3.1.10 (3.1.10)
))
(/usr/share/texmf-dist/tex/latex/bookmark/bookmark.sty
Package: bookmark 2023-12-10 v1.31 PDF bookmarks (HO)

(/usr/share/texmf-dist/tex/latex/hyperref/hyperref.sty
Package: hyperref 2024-11-05 v7.01l Hypertext links for LaTeX

(/usr/share/texmf-dist/tex/generic/kvdefinekeys/kvdefinekeys.sty
Package: kvdefinekeys 2019-12-19 v1.6 Define keys (HO)
)
(/usr/share/texmf-dist/tex/generic/pdfescape/pdfescape.sty
Package: pdfescape 2019/12/09 v1.15 Implements pdfTeX's escape features (HO)
)
(/usr/share/texmf-dist/tex/latex/hycolor/hycolor.sty
Package: hycolor 2020-01-27 v1.10 Color options for hyperref/bookmark (HO)
)
(/usr/share/texmf-dist/tex/latex/hyperref/nameref.sty
Package: nameref 2023-11-26 v2.56 Cross-referencing by name of section

(/usr/share/texmf-dist/tex/latex/refcount/refcount.sty
Package: refcount 2019/12/15 v3.6 Data extraction from label references (HO)
)
(/usr/share/texmf-dist/tex/generic/gettitlestring/gettitlestring.sty
Package: gettitlestring 2019/12/15 v1.6 Cleanup title references (HO)
)
\c@section@level=\count309
)
(/usr/share/texmf-dist/tex/generic/stringenc/stringenc.sty
Package: stringenc 2019/11/29 v1.12 Convert strings between diff. encodings (HO
)
)
\@linkdim=\dimen185
\Hy@linkcounter=\count310
\Hy@pagecounter=\count311

(/usr/share/texmf-dist/tex/latex/hyperref/pd1enc.def
File: pd1enc.def 2024-11-05 v7.01l Hyperref: PDFDocEncoding definition (HO)
Now handling font encoding PD1 ...
... no UTF-8 mapping file for font encoding PD1
)
(/usr/share/texmf-dist/tex/generic/intcalc/intcalc.sty
Package: intcalc 2019/12/15 v1.3 Expandable calculations with integers (HO)
)
\Hy@SavedSpaceFactor=\count312

(/usr/share/texmf-dist/tex/latex/hyperref/puenc.def
File: puenc.def 2024-11-05 v7.01l Hyperref: PDF Unicode definition (HO)
Now handling font encoding PU ...
... no UTF-8 mapping file for font encoding PU
)
Package hyperref Info: Option `unicode' set `true' on input line 4040.
Package hyperref Info: Hyper figures OFF on input line 4157.
Package hyperref Info: Link nesting OFF on input line 4162.
Package hyperref Info: Hyper index ON on input line 4165.
Package hyperref Info: Plain pages OFF on input line 4172.
Package hyperref Info: Backreferencing OFF on input line 4177.
Package hyperref Info: Implicit mode ON; LaTeX internals redefined.
Package hyperref Info: Bookmarks ON on input line 4424.
\c@Hy@tempcnt=\count313

(/usr/share/texmf-dist/tex/latex/url/url.sty
\Urlmuskip=\muskip18
Package: url 2013/09/16  ver 3.4  Verb mode for urls, etc.
)
LaTeX Info: Redefining \url on input line 4763.
\XeTeXLinkMargin=\dimen186

(/usr/share/texmf-dist/tex/generic/bitset/bitset.sty
Package: bitset 2019/12/09 v1.3 Handle bit-vector datatype (HO)

(/usr/share/texmf-dist/tex/generic/bigintcalc/bigintcalc.sty
Package: bigintcalc 2019/12/15 v1.5 Expandable calculations on big integers (HO
)
))
\Fld@menulength=\count314
\Field@Width=\dimen187
\Fld@charsize=\dimen188
Package hyperref Info: Hyper figures OFF on input line 6042.
Package hyperref Info: Link nesting OFF on input line 6047.
Package hyperref Info: Hyper index ON on input line 6050.
Package hyperref Info: backreferencing OFF on input line 6057.
Package hyperref Info: Link coloring OFF on input line 6062.
Package hyperref Info: Link coloring with OCG OFF on input line 6067.
Package hyperref Info: PDF/A mode OFF on input line 6072.

(/usr/share/texmf-dist/tex/latex/base/atbegshi-ltx.sty
Package: atbegshi-ltx 2021/01/10 v1.0c Emulation of the original atbegshi
package with kernel methods
)
\Hy@abspage=\count315
\c@Item=\count316
\c@Hfootnote=\count317
)
Package hyperref Info: Driver (autodetected): hpdftex.

(/usr/share/texmf-dist/tex/latex/hyperref/hpdftex.def
File: hpdftex.def 2024-11-05 v7.01l Hyperref driver for pdfTeX

(/usr/share/texmf-dist/tex/latex/base/atveryend-ltx.sty
Package: atveryend-ltx 2020/08/19 v1.0a Emulation of the original atveryend pac
kage
with kernel methods
)
\Fld@listcount=\count318
\c@bookmark@seq@number=\count319

(/usr/share/texmf-dist/tex/latex/rerunfilecheck/rerunfilecheck.sty
Package: rerunfilecheck 2022-07-10 v1.10 Rerun checks for auxiliary files (HO)

(/usr/share/texmf-dist/tex/generic/uniquecounter/uniquecounter.sty
Package: uniquecounter 2019/12/15 v1.4 Provide unlimited unique counter (HO)
)
Package uniquecounter Info: New unique counter `rerunfilecheck' on input line 2
85.
)
\Hy@SectionHShift=\skip64
)
(/usr/share/texmf-dist/tex/latex/bookmark/bkm-pdftex.def
File: bkm-pdftex.def 2023-12-10 v1.31 bookmark driver for pdfTeX and luaTeX (HO
)
\BKM@id=\count320
))
(/usr/share/texmf-dist/tex/latex/xurl/xurl.sty
Package: xurl 2022/01/09 v 0.10 modify URL breaks
)
LaTeX Font Info:    Trying to load font information for T1+lmr on input line 12
0.

(/usr/share/texmf-dist/tex/latex/lm/t1lmr.fd
File: t1lmr.fd 2015/05/01 v1.6.1 Font defs for Latin Modern
)
(/usr/share/texmf-dist/tex/latex/l3backend/l3backend-pdftex.def
File: l3backend-pdftex.def 2024-05-08 L3 backend support: PDF output (pdfTeX)
\l__color_backend_stack_int=\count321
\l__pdf_internal_box=\box66
) (./manuale.aux)
\openout1 = `manuale.aux'.

LaTeX Font Info:    Checking defaults for OML/cmm/m/it on input line 120.
LaTeX Font Info:    ... okay on input line 120.
LaTeX Font Info:    Checking defaults for OMS/cmsy/m/n on input line 120.
LaTeX Font Info:    ... okay on input line 120.
LaTeX Font Info:    Checking defaults for OT1/cmr/m/n on input line 120.
LaTeX Font Info:    ... okay on input line 120.
LaTeX Font Info:    Checking defaults for T1/cmr/m/n on input line 120.
LaTeX Font Info:    ... okay on input line 120.
LaTeX Font Info:    Checking defaults for TS1/cmr/m/n on input line 120.
LaTeX Font Info:    ... okay on input line 120.
LaTeX Font Info:    Checking defaults for OMX/cmex/m/n on input line 120.
LaTeX Font Info:    ... okay on input line 120.
LaTeX Font Info:    Checking defaults for U/cmr/m/n on input line 120.
LaTeX Font Info:    ... okay on input line 120.
LaTeX Font Info:    Checking defaults for PD1/pdf/m/n on input line 120.
LaTeX Font Info:    ... okay on input line 120.
LaTeX Font Info:    Checking defaults for PU/pdf/m/n on input line 120.
LaTeX Font Info:    ... okay on input line 120.
LaTeX Info: Redefining \microtypecontext on input line 120.
Package microtype Info: Applying patch `item' on input line 120.
Package microtype Info: Applying patch `toc' on input line 120.
Package microtype Info: Applying patch `eqnum' on input line 120.
Package microtype Info: Applying patch `footnote' on input line 120.
Package microtype Info: Applying patch `verbatim' on input line 120.
LaTeX Info: Redefining \microtypesetup on input line 120.
Package microtype Info: Generating PDF output.
Package microtype Info: Character protrusion enabled (level 2).
Package microtype Info: Using protrusion set `basicmath'.
Package microtype Info: Automatic font expansion enabled (level 2),
(microtype)             stretch: 20, shrink: 20, step: 1, non-selected.
Package microtype Info: Using default expansion set `alltext-nott'.
LaTeX Info: Redefining \showhyphens on input line 120.
Package microtype Info: No adjustment of tracking.
Package microtype Info: No adjustment of interword spacing.
Package microtype Info: No adjustment of character kerning.
 (/usr/share/texmf-dist/tex/latex/microtype/mt-cmr.cfg
File: mt-cmr.cfg 2013/05/19 v2.2 microtype config. file: Computer Modern Roman 
(RS)
)
(/usr/share/texmf-dist/tex/context/base/mkii/supp-pdf.mkii
[Loading MPS to PDF converter (version 2006.09.02).]
\scratchcounter=\count322
\scratchdimen=\dimen189
\scratchbox=\box67
\nofMPsegments=\count323
\nofMParguments=\count324
\everyMPshowfont=\toks37
\MPscratchCnt=\count325
\MPscratchDim=\dimen190
\MPnumerator=\count326
\makeMPintoPDFobject=\count327
\everyMPtoPDFconversion=\toks38
) (/usr/share/texmf-dist/tex/latex/epstopdf-pkg/epstopdf-base.sty
Package: epstopdf-base 2020-01-24 v2.11 Base part for package epstopdf
Package epstopdf-base Info: Redefining graphics rule for `.eps' on input line 4
85.

(/usr/share/texmf-dist/tex/latex/latexconfig/epstopdf-sys.cfg
File: epstopdf-sys.cfg 2010/07/13 v1.3 Configuration of (r)epstopdf for TeX Liv
e
))
Package hyperref Info: Link coloring OFF on input line 120.
LaTeX Font Info:    Trying to load font information for TS1+lmr on input line 1
22.

(/usr/share/texmf-dist/tex/latex/lm/ts1lmr.fd
File: ts1lmr.fd 2015/05/01 v1.6.1 Font defs for Latin Modern
)
LaTeX Font Info:    Trying to load font information for OT1+lmr on input line 1
22.

(/usr/share/texmf-dist/tex/latex/lm/ot1lmr.fd
File: ot1lmr.fd 2015/05/01 v1.6.1 Font defs for Latin Modern
)
LaTeX Font Info:    Trying to load font information for OML+lmm on input line 1
22.

(/usr/share/texmf-dist/tex/latex/lm/omllmm.fd
File: omllmm.fd 2015/05/01 v1.6.1 Font defs for Latin Modern
)
LaTeX Font Info:    Trying to load font information for OMS+lmsy on input line 
122.

(/usr/share/texmf-dist/tex/latex/lm/omslmsy.fd
File: omslmsy.fd 2015/05/01 v1.6.1 Font defs for Latin Modern
)
LaTeX Font Info:    Trying to load font information for OMX+lmex on input line 
122.

(/usr/share/texmf-dist/tex/latex/lm/omxlmex.fd
File: omxlmex.fd 2015/05/01 v1.6.1 Font defs for Latin Modern
)
LaTeX Font Info:    External font `lmex10' loaded for size
(Font)              <12> on input line 122.
LaTeX Font Info:    External font `lmex10' loaded for size
(Font)              <8> on input line 122.
LaTeX Font Info:    External font `lmex10' loaded for size
(Font)              <6> on input line 122.
LaTeX Font Info:    Trying to load font information for U+msa on input line 122
.

(/usr/share/texmf-dist/tex/latex/amsfonts/umsa.fd
File: umsa.fd 2013/01/14 v3.01 AMS symbols A
)
(/usr/share/texmf-dist/tex/latex/microtype/mt-msa.cfg
File: mt-msa.cfg 2006/02/04 v1.1 microtype config. file: AMS symbols (a) (RS)
)
LaTeX Font Info:    Trying to load font information for U+msb on input line 122
.

(/usr/share/texmf-dist/tex/latex/amsfonts/umsb.fd
File: umsb.fd 2013/01/14 v3.01 AMS symbols B
)
(/usr/share/texmf-dist/tex/latex/microtype/mt-msb.cfg
File: mt-msb.cfg 2005/06/01 v1.0 microtype config. file: AMS symbols (b) (RS)
) (./manuale.toc
LaTeX Font Info:    External font `lmex10' loaded for size
(Font)              <10> on input line 2.
LaTeX Font Info:    External font `lmex10' loaded for size
(Font)              <7> on input line 2.
LaTeX Font Info:    External font `lmex10' loaded for size
(Font)              <5> on input line 2.
)
\tf@toc=\write5
\openout5 = `manuale.toc'.

Package svg Info: Last page of `./svg-inkscape/esempioUseCase_svg-tex.pdf' is 1
0 on input line 133.

(./svg-inkscape/esempioUseCase_svg-tex.pdf_tex
<./svg-inkscape/esempioUseCase_svg-tex.pdf, id=33, page=1, 346.24556pt x 336.72
241pt>
File: ./svg-inkscape/esempioUseCase_svg-tex.pdf Graphic file (type pdf)
<use ./svg-inkscape/esempioUseCase_svg-tex.pdf, page 1>
Package pdftex.def Info: ./svg-inkscape/esempioUseCase_svg-tex.pdf , page1 used
 on input line 56.
(pdftex.def)             Requested size: 346.2447pt x 336.72159pt.
<./svg-inkscape/esempioUseCase_svg-tex.pdf, id=34, page=2, 346.24556pt x 336.72
241pt>
File: ./svg-inkscape/esempioUseCase_svg-tex.pdf Graphic file (type pdf)
<use ./svg-inkscape/esempioUseCase_svg-tex.pdf, page 2>
Package pdftex.def Info: ./svg-inkscape/esempioUseCase_svg-tex.pdf , page2 used
 on input line 58.
(pdftex.def)             Requested size: 346.2447pt x 336.72159pt.
<./svg-inkscape/esempioUseCase_svg-tex.pdf, id=35, page=3, 346.24556pt x 336.72
241pt>
File: ./svg-inkscape/esempioUseCase_svg-tex.pdf Graphic file (type pdf)
<use ./svg-inkscape/esempioUseCase_svg-tex.pdf, page 3>
Package pdftex.def Info: ./svg-inkscape/esempioUseCase_svg-tex.pdf , page3 used
 on input line 60.
(pdftex.def)             Requested size: 346.2447pt x 336.72159pt.
<./svg-inkscape/esempioUseCase_svg-tex.pdf, id=36, page=4, 346.24556pt x 336.72
241pt>
File: ./svg-inkscape/esempioUseCase_svg-tex.pdf Graphic file (type pdf)
<use ./svg-inkscape/esempioUseCase_svg-tex.pdf, page 4>
Package pdftex.def Info: ./svg-inkscape/esempioUseCase_svg-tex.pdf , page4 used
 on input line 62.
(pdftex.def)             Requested size: 346.2447pt x 336.72159pt.
<./svg-inkscape/esempioUseCase_svg-tex.pdf, id=37, page=5, 346.24556pt x 336.72
241pt>
File: ./svg-inkscape/esempioUseCase_svg-tex.pdf Graphic file (type pdf)
<use ./svg-inkscape/esempioUseCase_svg-tex.pdf, page 5>
Package pdftex.def Info: ./svg-inkscape/esempioUseCase_svg-tex.pdf , page5 used
 on input line 64.
(pdftex.def)             Requested size: 346.2447pt x 336.72159pt.
<./svg-inkscape/esempioUseCase_svg-tex.pdf, id=38, page=6, 346.24556pt x 336.72
241pt>
File: ./svg-inkscape/esempioUseCase_svg-tex.pdf Graphic file (type pdf)
<use ./svg-inkscape/esempioUseCase_svg-tex.pdf, page 6>
Package pdftex.def Info: ./svg-inkscape/esempioUseCase_svg-tex.pdf , page6 used
 on input line 66.
(pdftex.def)             Requested size: 346.2447pt x 336.72159pt.
<./svg-inkscape/esempioUseCase_svg-tex.pdf, id=39, page=7, 346.24556pt x 336.72
241pt>
File: ./svg-inkscape/esempioUseCase_svg-tex.pdf Graphic file (type pdf)
<use ./svg-inkscape/esempioUseCase_svg-tex.pdf, page 7>
Package pdftex.def Info: ./svg-inkscape/esempioUseCase_svg-tex.pdf , page7 used
 on input line 68.
(pdftex.def)             Requested size: 346.2447pt x 336.72159pt.
<./svg-inkscape/esempioUseCase_svg-tex.pdf, id=40, page=8, 346.24556pt x 336.72
241pt>
File: ./svg-inkscape/esempioUseCase_svg-tex.pdf Graphic file (type pdf)
<use ./svg-inkscape/esempioUseCase_svg-tex.pdf, page 8>
Package pdftex.def Info: ./svg-inkscape/esempioUseCase_svg-tex.pdf , page8 used
 on input line 70.
(pdftex.def)             Requested size: 346.2447pt x 336.72159pt.
<./svg-inkscape/esempioUseCase_svg-tex.pdf, id=41, page=9, 346.24556pt x 336.72
241pt>
File: ./svg-inkscape/esempioUseCase_svg-tex.pdf Graphic file (type pdf)
<use ./svg-inkscape/esempioUseCase_svg-tex.pdf, page 9>
Package pdftex.def Info: ./svg-inkscape/esempioUseCase_svg-tex.pdf , page9 used
 on input line 72.
(pdftex.def)             Requested size: 346.2447pt x 336.72159pt.
<./svg-inkscape/esempioUseCase_svg-tex.pdf, id=42, page=10, 346.24556pt x 336.7
2241pt>
File: ./svg-inkscape/esempioUseCase_svg-tex.pdf Graphic file (type pdf)
<use ./svg-inkscape/esempioUseCase_svg-tex.pdf, page 10>
Package pdftex.def Info: ./svg-inkscape/esempioUseCase_svg-tex.pdf , page10 use
d on input line 74.
(pdftex.def)             Requested size: 346.2447pt x 336.72159pt.
)
Overfull \hbox (1.24554pt too wide) in paragraph at lines 133--134
[] 
 []



[1

{/var/lib/texmf/fonts/map/pdftex/updmap/pdftex.map}{/usr/share/texmf-dist/fonts
/enc/dvips/lm/lm-ec.enc}{/usr/share/texmf-dist/fonts/enc/dvips/lm/lm-ts1.enc}]
Package svg Info: Last page of `./svg-inkscape/esempioClasse_svg-tex.pdf' is 3 
on input line 142.
 (./svg-inkscape/esempioClasse_svg-tex.pdf_tex
<./svg-inkscape/esempioClasse_svg-tex.pdf, id=81, page=1, 102.35654pt x 120.431
49pt>
File: ./svg-inkscape/esempioClasse_svg-tex.pdf Graphic file (type pdf)
<use ./svg-inkscape/esempioClasse_svg-tex.pdf, page 1>
Package pdftex.def Info: ./svg-inkscape/esempioClasse_svg-tex.pdf , page1 used 
on input line 56.
(pdftex.def)             Requested size: 102.35628pt x 120.43118pt.
<./svg-inkscape/esempioClasse_svg-tex.pdf, id=82, page=2, 102.35654pt x 120.431
49pt>
File: ./svg-inkscape/esempioClasse_svg-tex.pdf Graphic file (type pdf)
<use ./svg-inkscape/esempioClasse_svg-tex.pdf, page 2>
Package pdftex.def Info: ./svg-inkscape/esempioClasse_svg-tex.pdf , page2 used 
on input line 58.
(pdftex.def)             Requested size: 102.35628pt x 120.43118pt.
<./svg-inkscape/esempioClasse_svg-tex.pdf, id=83, page=3, 102.35654pt x 120.431
49pt>
File: ./svg-inkscape/esempioClasse_svg-tex.pdf Graphic file (type pdf)
<use ./svg-inkscape/esempioClasse_svg-tex.pdf, page 3>
Package pdftex.def Info: ./svg-inkscape/esempioClasse_svg-tex.pdf , page3 used 
on input line 63.
(pdftex.def)             Requested size: 102.35628pt x 120.43118pt.
)
Package svg Info: Last page of `./svg-inkscape/esempioAss11Conc_svg-tex.pdf' is
 3 on input line 150.

(./svg-inkscape/esempioAss11Conc_svg-tex.pdf_tex
<./svg-inkscape/esempioAss11Conc_svg-tex.pdf, id=85, page=1, 183.73878pt x 23.3
4923pt>
File: ./svg-inkscape/esempioAss11Conc_svg-tex.pdf Graphic file (type pdf)
<use ./svg-inkscape/esempioAss11Conc_svg-tex.pdf, page 1>
Package pdftex.def Info: ./svg-inkscape/esempioAss11Conc_svg-tex.pdf , page1 us
ed on input line 56.
(pdftex.def)             Requested size: 183.7411pt x 23.3495pt.
<./svg-inkscape/esempioAss11Conc_svg-tex.pdf, id=86, page=2, 183.73878pt x 23.3
4923pt>
File: ./svg-inkscape/esempioAss11Conc_svg-tex.pdf Graphic file (type pdf)
<use ./svg-inkscape/esempioAss11Conc_svg-tex.pdf, page 2>
Package pdftex.def Info: ./svg-inkscape/esempioAss11Conc_svg-tex.pdf , page2 us
ed on input line 58.
(pdftex.def)             Requested size: 183.7411pt x 23.3495pt.
<./svg-inkscape/esempioAss11Conc_svg-tex.pdf, id=87, page=3, 183.73878pt x 23.3
4923pt>
File: ./svg-inkscape/esempioAss11Conc_svg-tex.pdf Graphic file (type pdf)
<use ./svg-inkscape/esempioAss11Conc_svg-tex.pdf, page 3>
Package pdftex.def Info: ./svg-inkscape/esempioAss11Conc_svg-tex.pdf , page3 us
ed on input line 60.
(pdftex.def)             Requested size: 183.7411pt x 23.3495pt.
)

[2 <./svg-inkscape/esempioUseCase_svg-tex.pdf> <./svg-inkscape/esempioUseCase_s
vg-tex.pdf

pdfTeX warning: pdflatex (file ./svg-inkscape/esempioUseCase_svg-tex.pdf): PDF 
inclusion: multiple pdfs with page group included in a single page
> <./svg-inkscape/esempioUseCase_svg-tex.pdf

pdfTeX warning: pdflatex (file ./svg-inkscape/esempioUseCase_svg-tex.pdf): PDF 
inclusion: multiple pdfs with page group included in a single page
> <./svg-inkscape/esempioUseCase_svg-tex.pdf

pdfTeX warning: pdflatex (file ./svg-inkscape/esempioUseCase_svg-tex.pdf): PDF 
inclusion: multiple pdfs with page group included in a single page
> <./svg-inkscape/esempioUseCase_svg-tex.pdf

pdfTeX warning: pdflatex (file ./svg-inkscape/esempioUseCase_svg-tex.pdf): PDF 
inclusion: multiple pdfs with page group included in a single page
> <./svg-inkscape/esempioUseCase_svg-tex.pdf

pdfTeX warning: pdflatex (file ./svg-inkscape/esempioUseCase_svg-tex.pdf): PDF 
inclusion: multiple pdfs with page group included in a single page
> <./svg-inkscape/esempioUseCase_svg-tex.pdf

pdfTeX warning: pdflatex (file ./svg-inkscape/esempioUseCase_svg-tex.pdf): PDF 
inclusion: multiple pdfs with page group included in a single page
> <./svg-inkscape/esempioUseCase_svg-tex.pdf

pdfTeX warning: pdflatex (file ./svg-inkscape/esempioUseCase_svg-tex.pdf): PDF 
inclusion: multiple pdfs with page group included in a single page
> <./svg-inkscape/esempioUseCase_svg-tex.pdf

pdfTeX warning: pdflatex (file ./svg-inkscape/esempioUseCase_svg-tex.pdf): PDF 
inclusion: multiple pdfs with page group included in a single page
> <./svg-inkscape/esempioUseCase_svg-tex.pdf

pdfTeX warning: pdflatex (file ./svg-inkscape/esempioUseCase_svg-tex.pdf): PDF 
inclusion: multiple pdfs with page group included in a single page
> <./svg-inkscape/esempioClasse_svg-tex.pdf

pdfTeX warning: pdflatex (file ./svg-inkscape/esempioClasse_svg-tex.pdf): PDF i
nclusion: multiple pdfs with page group included in a single page
> <./svg-inkscape/esempioClasse_svg-tex.pdf

pdfTeX warning: pdflatex (file ./svg-inkscape/esempioClasse_svg-tex.pdf): PDF i
nclusion: multiple pdfs with page group included in a single page
> <./svg-inkscape/esempioClasse_svg-tex.pdf

pdfTeX warning: pdflatex (file ./svg-inkscape/esempioClasse_svg-tex.pdf): PDF i
nclusion: multiple pdfs with page group included in a single page
>]
Package svg Info: Last page of `./svg-inkscape/esempioAss11Ristr1_svg-tex.pdf' 
is 5 on input line 164.
 (./svg-inkscape/esempioAss11Ristr1_svg-tex.pdf_tex
<./svg-inkscape/esempioAss11Ristr1_svg-tex.pdf, id=96, page=1, 240.49777pt x 56
.99077pt>
File: ./svg-inkscape/esempioAss11Ristr1_svg-tex.pdf Graphic file (type pdf)
<use ./svg-inkscape/esempioAss11Ristr1_svg-tex.pdf, page 1>
Package pdftex.def Info: ./svg-inkscape/esempioAss11Ristr1_svg-tex.pdf , page1 
used on input line 56.
(pdftex.def)             Requested size: 240.5045pt x 56.99234pt.
<./svg-inkscape/esempioAss11Ristr1_svg-tex.pdf, id=97, page=2, 240.49777pt x 56
.99077pt>
File: ./svg-inkscape/esempioAss11Ristr1_svg-tex.pdf Graphic file (type pdf)
<use ./svg-inkscape/esempioAss11Ristr1_svg-tex.pdf, page 2>
Package pdftex.def Info: ./svg-inkscape/esempioAss11Ristr1_svg-tex.pdf , page2 
used on input line 58.
(pdftex.def)             Requested size: 240.5045pt x 56.99234pt.
<./svg-inkscape/esempioAss11Ristr1_svg-tex.pdf, id=98, page=3, 240.49777pt x 56
.99077pt>
File: ./svg-inkscape/esempioAss11Ristr1_svg-tex.pdf Graphic file (type pdf)
<use ./svg-inkscape/esempioAss11Ristr1_svg-tex.pdf, page 3>
Package pdftex.def Info: ./svg-inkscape/esempioAss11Ristr1_svg-tex.pdf , page3 
used on input line 62.
(pdftex.def)             Requested size: 240.5045pt x 56.99234pt.
<./svg-inkscape/esempioAss11Ristr1_svg-tex.pdf, id=99, page=4, 240.49777pt x 56
.99077pt>
File: ./svg-inkscape/esempioAss11Ristr1_svg-tex.pdf Graphic file (type pdf)
<use ./svg-inkscape/esempioAss11Ristr1_svg-tex.pdf, page 4>
Package pdftex.def Info: ./svg-inkscape/esempioAss11Ristr1_svg-tex.pdf , page4 
used on input line 64.
(pdftex.def)             Requested size: 240.5045pt x 56.99234pt.
<./svg-inkscape/esempioAss11Ristr1_svg-tex.pdf, id=100, page=5, 240.49777pt x 5
6.99077pt>
File: ./svg-inkscape/esempioAss11Ristr1_svg-tex.pdf Graphic file (type pdf)
<use ./svg-inkscape/esempioAss11Ristr1_svg-tex.pdf, page 5>
Package pdftex.def Info: ./svg-inkscape/esempioAss11Ristr1_svg-tex.pdf , page5 
used on input line 68.
(pdftex.def)             Requested size: 240.5045pt x 56.99234pt.
)
Package svg Info: Last page of `./svg-inkscape/esempioAss11Ristr2_svg-tex.pdf' 
is 2 on input line 168.

(./svg-inkscape/esempioAss11Ristr2_svg-tex.pdf_tex
<./svg-inkscape/esempioAss11Ristr2_svg-tex.pdf, id=102, page=1, 80.17122pt x 71
.34532pt>
File: ./svg-inkscape/esempioAss11Ristr2_svg-tex.pdf Graphic file (type pdf)
<use ./svg-inkscape/esempioAss11Ristr2_svg-tex.pdf, page 1>
Package pdftex.def Info: ./svg-inkscape/esempioAss11Ristr2_svg-tex.pdf , page1 
used on input line 56.
(pdftex.def)             Requested size: 80.17224pt x 71.34622pt.
<./svg-inkscape/esempioAss11Ristr2_svg-tex.pdf, id=103, page=2, 80.17122pt x 71
.34532pt>
File: ./svg-inkscape/esempioAss11Ristr2_svg-tex.pdf Graphic file (type pdf)
<use ./svg-inkscape/esempioAss11Ristr2_svg-tex.pdf, page 2>
Package pdftex.def Info: ./svg-inkscape/esempioAss11Ristr2_svg-tex.pdf , page2 
used on input line 58.
(pdftex.def)             Requested size: 80.17224pt x 71.34622pt.
)
LaTeX Font Info:    Trying to load font information for T1+lmtt on input line 1
73.

(/usr/share/texmf-dist/tex/latex/lm/t1lmtt.fd
File: t1lmtt.fd 2015/05/01 v1.6.1 Font defs for Latin Modern
)
LaTeX Font Info:    Font shape `T1/lmtt/bx/n' in size <10> not available
(Font)              Font shape `T1/lmtt/b/n' tried instead on input line 182.
Package svg Info: Last page of `./svg-inkscape/esempioAss1nConc_svg-tex.pdf' is
 3 on input line 194.

(./svg-inkscape/esempioAss1nConc_svg-tex.pdf_tex
<./svg-inkscape/esempioAss1nConc_svg-tex.pdf, id=105, page=1, 181.76643pt x 23.
09938pt>
File: ./svg-inkscape/esempioAss1nConc_svg-tex.pdf Graphic file (type pdf)
<use ./svg-inkscape/esempioAss1nConc_svg-tex.pdf, page 1>
Package pdftex.def Info: ./svg-inkscape/esempioAss1nConc_svg-tex.pdf , page1 us
ed on input line 56.
(pdftex.def)             Requested size: 181.76598pt x 23.0993pt.
<./svg-inkscape/esempioAss1nConc_svg-tex.pdf, id=106, page=2, 181.76643pt x 23.
09938pt>
File: ./svg-inkscape/esempioAss1nConc_svg-tex.pdf Graphic file (type pdf)
<use ./svg-inkscape/esempioAss1nConc_svg-tex.pdf, page 2>
Package pdftex.def Info: ./svg-inkscape/esempioAss1nConc_svg-tex.pdf , page2 us
ed on input line 58.
(pdftex.def)             Requested size: 181.76598pt x 23.0993pt.
<./svg-inkscape/esempioAss1nConc_svg-tex.pdf, id=107, page=3, 181.76643pt x 23.
09938pt>
File: ./svg-inkscape/esempioAss1nConc_svg-tex.pdf Graphic file (type pdf)
<use ./svg-inkscape/esempioAss1nConc_svg-tex.pdf, page 3>
Package pdftex.def Info: ./svg-inkscape/esempioAss1nConc_svg-tex.pdf , page3 us
ed on input line 60.
(pdftex.def)             Requested size: 181.76598pt x 23.0993pt.
)
Package svg Info: Last page of `./svg-inkscape/esempioAss1nRistr1_svg-tex.pdf' 
is 5 on input line 198.

(./svg-inkscape/esempioAss1nRistr1_svg-tex.pdf_tex
<./svg-inkscape/esempioAss1nRistr1_svg-tex.pdf, id=109, page=1, 256.10953pt x 7
1.34532pt>
File: ./svg-inkscape/esempioAss1nRistr1_svg-tex.pdf Graphic file (type pdf)
<use ./svg-inkscape/esempioAss1nRistr1_svg-tex.pdf, page 1>
Package pdftex.def Info: ./svg-inkscape/esempioAss1nRistr1_svg-tex.pdf , page1 
used on input line 56.
(pdftex.def)             Requested size: 256.11281pt x 71.34622pt.
<./svg-inkscape/esempioAss1nRistr1_svg-tex.pdf, id=110, page=2, 256.10953pt x 7
1.34532pt>
File: ./svg-inkscape/esempioAss1nRistr1_svg-tex.pdf Graphic file (type pdf)
<use ./svg-inkscape/esempioAss1nRistr1_svg-tex.pdf, page 2>
Package pdftex.def Info: ./svg-inkscape/esempioAss1nRistr1_svg-tex.pdf , page2 
used on input line 58.
(pdftex.def)             Requested size: 256.11281pt x 71.34622pt.
<./svg-inkscape/esempioAss1nRistr1_svg-tex.pdf, id=111, page=3, 256.10953pt x 7
1.34532pt>
File: ./svg-inkscape/esempioAss1nRistr1_svg-tex.pdf Graphic file (type pdf)
<use ./svg-inkscape/esempioAss1nRistr1_svg-tex.pdf, page 3>
Package pdftex.def Info: ./svg-inkscape/esempioAss1nRistr1_svg-tex.pdf , page3 
used on input line 62.
(pdftex.def)             Requested size: 256.11281pt x 71.34622pt.
<./svg-inkscape/esempioAss1nRistr1_svg-tex.pdf, id=112, page=4, 256.10953pt x 7
1.34532pt>
File: ./svg-inkscape/esempioAss1nRistr1_svg-tex.pdf Graphic file (type pdf)
<use ./svg-inkscape/esempioAss1nRistr1_svg-tex.pdf, page 4>
Package pdftex.def Info: ./svg-inkscape/esempioAss1nRistr1_svg-tex.pdf , page4 
used on input line 64.
(pdftex.def)             Requested size: 256.11281pt x 71.34622pt.
<./svg-inkscape/esempioAss1nRistr1_svg-tex.pdf, id=113, page=5, 256.10953pt x 7
1.34532pt>
File: ./svg-inkscape/esempioAss1nRistr1_svg-tex.pdf Graphic file (type pdf)
<use ./svg-inkscape/esempioAss1nRistr1_svg-tex.pdf, page 5>
Package pdftex.def Info: ./svg-inkscape/esempioAss1nRistr1_svg-tex.pdf , page5 
used on input line 70.
(pdftex.def)             Requested size: 256.11281pt x 71.34622pt.
)

[3 <./svg-inkscape/esempioAss11Conc_svg-tex.pdf> <./svg-inkscape/esempioAss11Co
nc_svg-tex.pdf

pdfTeX warning: pdflatex (file ./svg-inkscape/esempioAss11Conc_svg-tex.pdf): PD
F inclusion: multiple pdfs with page group included in a single page
> <./svg-inkscape/esempioAss11Conc_svg-tex.pdf

pdfTeX warning: pdflatex (file ./svg-inkscape/esempioAss11Conc_svg-tex.pdf): PD
F inclusion: multiple pdfs with page group included in a single page
> <./svg-inkscape/esempioAss11Ristr1_svg-tex.pdf

pdfTeX warning: pdflatex (file ./svg-inkscape/esempioAss11Ristr1_svg-tex.pdf): 
PDF inclusion: multiple pdfs with page group included in a single page
> <./svg-inkscape/esempioAss11Ristr1_svg-tex.pdf

pdfTeX warning: pdflatex (file ./svg-inkscape/esempioAss11Ristr1_svg-tex.pdf): 
PDF inclusion: multiple pdfs with page group included in a single page
> <./svg-inkscape/esempioAss11Ristr1_svg-tex.pdf

pdfTeX warning: pdflatex (file ./svg-inkscape/esempioAss11Ristr1_svg-tex.pdf): 
PDF inclusion: multiple pdfs with page group included in a single page
> <./svg-inkscape/esempioAss11Ristr1_svg-tex.pdf

pdfTeX warning: pdflatex (file ./svg-inkscape/esempioAss11Ristr1_svg-tex.pdf): 
PDF inclusion: multiple pdfs with page group included in a single page
> <./svg-inkscape/esempioAss11Ristr1_svg-tex.pdf

pdfTeX warning: pdflatex (file ./svg-inkscape/esempioAss11Ristr1_svg-tex.pdf): 
PDF inclusion: multiple pdfs with page group included in a single page
> <./svg-inkscape/esempioAss11Ristr2_svg-tex.pdf

pdfTeX warning: pdflatex (file ./svg-inkscape/esempioAss11Ristr2_svg-tex.pdf): 
PDF inclusion: multiple pdfs with page group included in a single page
> <./svg-inkscape/esempioAss11Ristr2_svg-tex.pdf

pdfTeX warning: pdflatex (file ./svg-inkscape/esempioAss11Ristr2_svg-tex.pdf): 
PDF inclusion: multiple pdfs with page group included in a single page
> <./svg-inkscape/esempioAss1nConc_svg-tex.pdf

pdfTeX warning: pdflatex (file ./svg-inkscape/esempioAss1nConc_svg-tex.pdf): PD
F inclusion: multiple pdfs with page group included in a single page
> <./svg-inkscape/esempioAss1nConc_svg-tex.pdf

pdfTeX warning: pdflatex (file ./svg-inkscape/esempioAss1nConc_svg-tex.pdf): PD
F inclusion: multiple pdfs with page group included in a single page
> <./svg-inkscape/esempioAss1nConc_svg-tex.pdf

pdfTeX warning: pdflatex (file ./svg-inkscape/esempioAss1nConc_svg-tex.pdf): PD
F inclusion: multiple pdfs with page group included in a single page
> <./svg-inkscape/esempioAss1nRistr1_svg-tex.pdf

pdfTeX warning: pdflatex (file ./svg-inkscape/esempioAss1nRistr1_svg-tex.pdf): 
PDF inclusion: multiple pdfs with page group included in a single page
> <./svg-inkscape/esempioAss1nRistr1_svg-tex.pdf

pdfTeX warning: pdflatex (file ./svg-inkscape/esempioAss1nRistr1_svg-tex.pdf): 
PDF inclusion: multiple pdfs with page group included in a single page
> <./svg-inkscape/esempioAss1nRistr1_svg-tex.pdf

pdfTeX warning: pdflatex (file ./svg-inkscape/esempioAss1nRistr1_svg-tex.pdf): 
PDF inclusion: multiple pdfs with page group included in a single page
> <./svg-inkscape/esempioAss1nRistr1_svg-tex.pdf

pdfTeX warning: pdflatex (file ./svg-inkscape/esempioAss1nRistr1_svg-tex.pdf): 
PDF inclusion: multiple pdfs with page group included in a single page
> <./svg-inkscape/esempioAss1nRistr1_svg-tex.pdf

pdfTeX warning: pdflatex (file ./svg-inkscape/esempioAss1nRistr1_svg-tex.pdf): 
PDF inclusion: multiple pdfs with page group included in a single page
>]
Package svg Info: Last page of `./svg-inkscape/esempioAssnnConc_svg-tex.pdf' is
 3 on input line 230.
 (./svg-inkscape/esempioAssnnConc_svg-tex.pdf_tex
<./svg-inkscape/esempioAssnnConc_svg-tex.pdf, id=129, page=1, 185.10591pt x 24.
47032pt>
File: ./svg-inkscape/esempioAssnnConc_svg-tex.pdf Graphic file (type pdf)
<use ./svg-inkscape/esempioAssnnConc_svg-tex.pdf, page 1>
Package pdftex.def Info: ./svg-inkscape/esempioAssnnConc_svg-tex.pdf , page1 us
ed on input line 56.
(pdftex.def)             Requested size: 185.11674pt x 24.47173pt.
<./svg-inkscape/esempioAssnnConc_svg-tex.pdf, id=130, page=2, 185.10591pt x 24.
47032pt>
File: ./svg-inkscape/esempioAssnnConc_svg-tex.pdf Graphic file (type pdf)
<use ./svg-inkscape/esempioAssnnConc_svg-tex.pdf, page 2>
Package pdftex.def Info: ./svg-inkscape/esempioAssnnConc_svg-tex.pdf , page2 us
ed on input line 58.
(pdftex.def)             Requested size: 185.11674pt x 24.47173pt.
<./svg-inkscape/esempioAssnnConc_svg-tex.pdf, id=131, page=3, 185.10591pt x 24.
47032pt>
File: ./svg-inkscape/esempioAssnnConc_svg-tex.pdf Graphic file (type pdf)
<use ./svg-inkscape/esempioAssnnConc_svg-tex.pdf, page 3>
Package pdftex.def Info: ./svg-inkscape/esempioAssnnConc_svg-tex.pdf , page3 us
ed on input line 60.
(pdftex.def)             Requested size: 185.11674pt x 24.47173pt.
)
Package svg Info: Last page of `./svg-inkscape/esempioAssnnRistr1_svg-tex.pdf' 
is 9 on input line 234.

(./svg-inkscape/esempioAssnnRistr1_svg-tex.pdf_tex
<./svg-inkscape/esempioAssnnRistr1_svg-tex.pdf, id=133, page=1, 145.95966pt x 1
30.06024pt>
File: ./svg-inkscape/esempioAssnnRistr1_svg-tex.pdf Graphic file (type pdf)
<use ./svg-inkscape/esempioAssnnRistr1_svg-tex.pdf, page 1>
Package pdftex.def Info: ./svg-inkscape/esempioAssnnRistr1_svg-tex.pdf , page1 
used on input line 56.
(pdftex.def)             Requested size: 145.96371pt x 130.06389pt.
<./svg-inkscape/esempioAssnnRistr1_svg-tex.pdf, id=134, page=2, 145.95966pt x 1
30.06024pt>
File: ./svg-inkscape/esempioAssnnRistr1_svg-tex.pdf Graphic file (type pdf)
<use ./svg-inkscape/esempioAssnnRistr1_svg-tex.pdf, page 2>
Package pdftex.def Info: ./svg-inkscape/esempioAssnnRistr1_svg-tex.pdf , page2 
used on input line 58.
(pdftex.def)             Requested size: 145.96371pt x 130.06389pt.
<./svg-inkscape/esempioAssnnRistr1_svg-tex.pdf, id=135, page=3, 145.95966pt x 1
30.06024pt>
File: ./svg-inkscape/esempioAssnnRistr1_svg-tex.pdf Graphic file (type pdf)
<use ./svg-inkscape/esempioAssnnRistr1_svg-tex.pdf, page 3>
Package pdftex.def Info: ./svg-inkscape/esempioAssnnRistr1_svg-tex.pdf , page3 
used on input line 60.
(pdftex.def)             Requested size: 145.96371pt x 130.06389pt.
<./svg-inkscape/esempioAssnnRistr1_svg-tex.pdf, id=136, page=4, 145.95966pt x 1
30.06024pt>
File: ./svg-inkscape/esempioAssnnRistr1_svg-tex.pdf Graphic file (type pdf)
<use ./svg-inkscape/esempioAssnnRistr1_svg-tex.pdf, page 4>
Package pdftex.def Info: ./svg-inkscape/esempioAssnnRistr1_svg-tex.pdf , page4 
used on input line 62.
(pdftex.def)             Requested size: 145.96371pt x 130.06389pt.
<./svg-inkscape/esempioAssnnRistr1_svg-tex.pdf, id=137, page=5, 145.95966pt x 1
30.06024pt>
File: ./svg-inkscape/esempioAssnnRistr1_svg-tex.pdf Graphic file (type pdf)
<use ./svg-inkscape/esempioAssnnRistr1_svg-tex.pdf, page 5>
Package pdftex.def Info: ./svg-inkscape/esempioAssnnRistr1_svg-tex.pdf , page5 
used on input line 64.
(pdftex.def)             Requested size: 145.96371pt x 130.06389pt.
<./svg-inkscape/esempioAssnnRistr1_svg-tex.pdf, id=138, page=6, 145.95966pt x 1
30.06024pt>
File: ./svg-inkscape/esempioAssnnRistr1_svg-tex.pdf Graphic file (type pdf)
<use ./svg-inkscape/esempioAssnnRistr1_svg-tex.pdf, page 6>
Package pdftex.def Info: ./svg-inkscape/esempioAssnnRistr1_svg-tex.pdf , page6 
used on input line 66.
(pdftex.def)             Requested size: 145.96371pt x 130.06389pt.
<./svg-inkscape/esempioAssnnRistr1_svg-tex.pdf, id=139, page=7, 145.95966pt x 1
30.06024pt>
File: ./svg-inkscape/esempioAssnnRistr1_svg-tex.pdf Graphic file (type pdf)
<use ./svg-inkscape/esempioAssnnRistr1_svg-tex.pdf, page 7>
Package pdftex.def Info: ./svg-inkscape/esempioAssnnRistr1_svg-tex.pdf , page7 
used on input line 68.
(pdftex.def)             Requested size: 145.96371pt x 130.06389pt.
<./svg-inkscape/esempioAssnnRistr1_svg-tex.pdf, id=140, page=8, 145.95966pt x 1
30.06024pt>
File: ./svg-inkscape/esempioAssnnRistr1_svg-tex.pdf Graphic file (type pdf)
<use ./svg-inkscape/esempioAssnnRistr1_svg-tex.pdf, page 8>
Package pdftex.def Info: ./svg-inkscape/esempioAssnnRistr1_svg-tex.pdf , page8 
used on input line 70.
(pdftex.def)             Requested size: 145.96371pt x 130.06389pt.
<./svg-inkscape/esempioAssnnRistr1_svg-tex.pdf, id=141, page=9, 145.95966pt x 1
30.06024pt>
File: ./svg-inkscape/esempioAssnnRistr1_svg-tex.pdf Graphic file (type pdf)
<use ./svg-inkscape/esempioAssnnRistr1_svg-tex.pdf, page 9>
Package pdftex.def Info: ./svg-inkscape/esempioAssnnRistr1_svg-tex.pdf , page9 
used on input line 72.
(pdftex.def)             Requested size: 145.96371pt x 130.06389pt.
)
Package svg Info: Last page of `./svg-inkscape/esempioAssnnRistr2_svg-tex.pdf' 
is 8 on input line 238.

(./svg-inkscape/esempioAssnnRistr2_svg-tex.pdf_tex
<./svg-inkscape/esempioAssnnRistr2_svg-tex.pdf, id=143, page=1, 319.44531pt x 7
1.34532pt>
File: ./svg-inkscape/esempioAssnnRistr2_svg-tex.pdf Graphic file (type pdf)
<use ./svg-inkscape/esempioAssnnRistr2_svg-tex.pdf, page 1>
Package pdftex.def Info: ./svg-inkscape/esempioAssnnRistr2_svg-tex.pdf , page1 
used on input line 56.
(pdftex.def)             Requested size: 319.44939pt x 71.34622pt.
<./svg-inkscape/esempioAssnnRistr2_svg-tex.pdf, id=144, page=2, 319.44531pt x 7
1.34532pt>
File: ./svg-inkscape/esempioAssnnRistr2_svg-tex.pdf Graphic file (type pdf)
<use ./svg-inkscape/esempioAssnnRistr2_svg-tex.pdf, page 2>
Package pdftex.def Info: ./svg-inkscape/esempioAssnnRistr2_svg-tex.pdf , page2 
used on input line 58.
(pdftex.def)             Requested size: 319.44939pt x 71.34622pt.
<./svg-inkscape/esempioAssnnRistr2_svg-tex.pdf, id=145, page=3, 319.44531pt x 7
1.34532pt>
File: ./svg-inkscape/esempioAssnnRistr2_svg-tex.pdf Graphic file (type pdf)
<use ./svg-inkscape/esempioAssnnRistr2_svg-tex.pdf, page 3>
Package pdftex.def Info: ./svg-inkscape/esempioAssnnRistr2_svg-tex.pdf , page3 
used on input line 62.
(pdftex.def)             Requested size: 319.44939pt x 71.34622pt.
<./svg-inkscape/esempioAssnnRistr2_svg-tex.pdf, id=146, page=4, 319.44531pt x 7
1.34532pt>
File: ./svg-inkscape/esempioAssnnRistr2_svg-tex.pdf Graphic file (type pdf)
<use ./svg-inkscape/esempioAssnnRistr2_svg-tex.pdf, page 4>
Package pdftex.def Info: ./svg-inkscape/esempioAssnnRistr2_svg-tex.pdf , page4 
used on input line 64.
(pdftex.def)             Requested size: 319.44939pt x 71.34622pt.
<./svg-inkscape/esempioAssnnRistr2_svg-tex.pdf, id=147, page=5, 319.44531pt x 7
1.34532pt>
File: ./svg-inkscape/esempioAssnnRistr2_svg-tex.pdf Graphic file (type pdf)
<use ./svg-inkscape/esempioAssnnRistr2_svg-tex.pdf, page 5>
Package pdftex.def Info: ./svg-inkscape/esempioAssnnRistr2_svg-tex.pdf , page5 
used on input line 68.
(pdftex.def)             Requested size: 319.44939pt x 71.34622pt.
<./svg-inkscape/esempioAssnnRistr2_svg-tex.pdf, id=148, page=6, 319.44531pt x 7
1.34532pt>
File: ./svg-inkscape/esempioAssnnRistr2_svg-tex.pdf Graphic file (type pdf)
<use ./svg-inkscape/esempioAssnnRistr2_svg-tex.pdf, page 6>
Package pdftex.def Info: ./svg-inkscape/esempioAssnnRistr2_svg-tex.pdf , page6 
used on input line 70.
(pdftex.def)             Requested size: 319.44939pt x 71.34622pt.
<./svg-inkscape/esempioAssnnRistr2_svg-tex.pdf, id=149, page=7, 319.44531pt x 7
1.34532pt>
File: ./svg-inkscape/esempioAssnnRistr2_svg-tex.pdf Graphic file (type pdf)
<use ./svg-inkscape/esempioAssnnRistr2_svg-tex.pdf, page 7>
Package pdftex.def Info: ./svg-inkscape/esempioAssnnRistr2_svg-tex.pdf , page7 
used on input line 76.
(pdftex.def)             Requested size: 319.44939pt x 71.34622pt.
<./svg-inkscape/esempioAssnnRistr2_svg-tex.pdf, id=150, page=8, 319.44531pt x 7
1.34532pt>
File: ./svg-inkscape/esempioAssnnRistr2_svg-tex.pdf Graphic file (type pdf)
<use ./svg-inkscape/esempioAssnnRistr2_svg-tex.pdf, page 8>
Package pdftex.def Info: ./svg-inkscape/esempioAssnnRistr2_svg-tex.pdf , page8 
used on input line 79.
(pdftex.def)             Requested size: 319.44939pt x 71.34622pt.
)

[4 <./svg-inkscape/esempioAssnnConc_svg-tex.pdf> <./svg-inkscape/esempioAssnnCo
nc_svg-tex.pdf

pdfTeX warning: pdflatex (file ./svg-inkscape/esempioAssnnConc_svg-tex.pdf): PD
F inclusion: multiple pdfs with page group included in a single page
> <./svg-inkscape/esempioAssnnConc_svg-tex.pdf

pdfTeX warning: pdflatex (file ./svg-inkscape/esempioAssnnConc_svg-tex.pdf): PD
F inclusion: multiple pdfs with page group included in a single page
> <./svg-inkscape/esempioAssnnRistr1_svg-tex.pdf

pdfTeX warning: pdflatex (file ./svg-inkscape/esempioAssnnRistr1_svg-tex.pdf): 
PDF inclusion: multiple pdfs with page group included in a single page
> <./svg-inkscape/esempioAssnnRistr1_svg-tex.pdf

pdfTeX warning: pdflatex (file ./svg-inkscape/esempioAssnnRistr1_svg-tex.pdf): 
PDF inclusion: multiple pdfs with page group included in a single page
> <./svg-inkscape/esempioAssnnRistr1_svg-tex.pdf

pdfTeX warning: pdflatex (file ./svg-inkscape/esempioAssnnRistr1_svg-tex.pdf): 
PDF inclusion: multiple pdfs with page group included in a single page
> <./svg-inkscape/esempioAssnnRistr1_svg-tex.pdf

pdfTeX warning: pdflatex (file ./svg-inkscape/esempioAssnnRistr1_svg-tex.pdf): 
PDF inclusion: multiple pdfs with page group included in a single page
> <./svg-inkscape/esempioAssnnRistr1_svg-tex.pdf

pdfTeX warning: pdflatex (file ./svg-inkscape/esempioAssnnRistr1_svg-tex.pdf): 
PDF inclusion: multiple pdfs with page group included in a single page
> <./svg-inkscape/esempioAssnnRistr1_svg-tex.pdf

pdfTeX warning: pdflatex (file ./svg-inkscape/esempioAssnnRistr1_svg-tex.pdf): 
PDF inclusion: multiple pdfs with page group included in a single page
> <./svg-inkscape/esempioAssnnRistr1_svg-tex.pdf

pdfTeX warning: pdflatex (file ./svg-inkscape/esempioAssnnRistr1_svg-tex.pdf): 
PDF inclusion: multiple pdfs with page group included in a single page
> <./svg-inkscape/esempioAssnnRistr1_svg-tex.pdf

pdfTeX warning: pdflatex (file ./svg-inkscape/esempioAssnnRistr1_svg-tex.pdf): 
PDF inclusion: multiple pdfs with page group included in a single page
> <./svg-inkscape/esempioAssnnRistr1_svg-tex.pdf

pdfTeX warning: pdflatex (file ./svg-inkscape/esempioAssnnRistr1_svg-tex.pdf): 
PDF inclusion: multiple pdfs with page group included in a single page
> <./svg-inkscape/esempioAssnnRistr2_svg-tex.pdf

pdfTeX warning: pdflatex (file ./svg-inkscape/esempioAssnnRistr2_svg-tex.pdf): 
PDF inclusion: multiple pdfs with page group included in a single page
> <./svg-inkscape/esempioAssnnRistr2_svg-tex.pdf

pdfTeX warning: pdflatex (file ./svg-inkscape/esempioAssnnRistr2_svg-tex.pdf): 
PDF inclusion: multiple pdfs with page group included in a single page
> <./svg-inkscape/esempioAssnnRistr2_svg-tex.pdf

pdfTeX warning: pdflatex (file ./svg-inkscape/esempioAssnnRistr2_svg-tex.pdf): 
PDF inclusion: multiple pdfs with page group included in a single page
> <./svg-inkscape/esempioAssnnRistr2_svg-tex.pdf

pdfTeX warning: pdflatex (file ./svg-inkscape/esempioAssnnRistr2_svg-tex.pdf): 
PDF inclusion: multiple pdfs with page group included in a single page
> <./svg-inkscape/esempioAssnnRistr2_svg-tex.pdf

pdfTeX warning: pdflatex (file ./svg-inkscape/esempioAssnnRistr2_svg-tex.pdf): 
PDF inclusion: multiple pdfs with page group included in a single page
> <./svg-inkscape/esempioAssnnRistr2_svg-tex.pdf

pdfTeX warning: pdflatex (file ./svg-inkscape/esempioAssnnRistr2_svg-tex.pdf): 
PDF inclusion: multiple pdfs with page group included in a single page
> <./svg-inkscape/esempioAssnnRistr2_svg-tex.pdf

pdfTeX warning: pdflatex (file ./svg-inkscape/esempioAssnnRistr2_svg-tex.pdf): 
PDF inclusion: multiple pdfs with page group included in a single page
> <./svg-inkscape/esempioAssnnRistr2_svg-tex.pdf

pdfTeX warning: pdflatex (file ./svg-inkscape/esempioAssnnRistr2_svg-tex.pdf): 
PDF inclusion: multiple pdfs with page group included in a single page
>]

[5]

[6]
LaTeX Font Info:    Trying to load font information for TS1+lmtt on input line 
465.
 (/usr/share/texmf-dist/tex/latex/lm/ts1lmtt.fd
File: ts1lmtt.fd 2015/05/01 v1.6.1 Font defs for Latin Modern
)

[7]

[8]
Package svg Info: Last page of `./svg-inkscape/dom_vuoto_svg-tex.pdf' is 13 on 
input line 571.
 (./svg-inkscape/dom_vuoto_svg-tex.pdf_tex
<./svg-inkscape/dom_vuoto_svg-tex.pdf, id=187, page=1, 434.88142pt x 137.49051p
t>
File: ./svg-inkscape/dom_vuoto_svg-tex.pdf Graphic file (type pdf)
<use ./svg-inkscape/dom_vuoto_svg-tex.pdf, page 1>
Package pdftex.def Info: ./svg-inkscape/dom_vuoto_svg-tex.pdf , page1 used on i
nput line 56.
(pdftex.def)             Requested size: 434.88036pt x 137.49016pt.
<./svg-inkscape/dom_vuoto_svg-tex.pdf, id=188, page=2, 434.88142pt x 137.49051p
t>
File: ./svg-inkscape/dom_vuoto_svg-tex.pdf Graphic file (type pdf)
<use ./svg-inkscape/dom_vuoto_svg-tex.pdf, page 2>
Package pdftex.def Info: ./svg-inkscape/dom_vuoto_svg-tex.pdf , page2 used on i
nput line 58.
(pdftex.def)             Requested size: 434.88036pt x 137.49016pt.
<./svg-inkscape/dom_vuoto_svg-tex.pdf, id=189, page=3, 434.88142pt x 137.49051p
t>
File: ./svg-inkscape/dom_vuoto_svg-tex.pdf Graphic file (type pdf)
<use ./svg-inkscape/dom_vuoto_svg-tex.pdf, page 3>
Package pdftex.def Info: ./svg-inkscape/dom_vuoto_svg-tex.pdf , page3 used on i
nput line 60.
(pdftex.def)             Requested size: 434.88036pt x 137.49016pt.
<./svg-inkscape/dom_vuoto_svg-tex.pdf, id=190, page=4, 434.88142pt x 137.49051p
t>
File: ./svg-inkscape/dom_vuoto_svg-tex.pdf Graphic file (type pdf)
<use ./svg-inkscape/dom_vuoto_svg-tex.pdf, page 4>
Package pdftex.def Info: ./svg-inkscape/dom_vuoto_svg-tex.pdf , page4 used on i
nput line 62.
(pdftex.def)             Requested size: 434.88036pt x 137.49016pt.
<./svg-inkscape/dom_vuoto_svg-tex.pdf, id=191, page=5, 434.88142pt x 137.49051p
t>
File: ./svg-inkscape/dom_vuoto_svg-tex.pdf Graphic file (type pdf)
<use ./svg-inkscape/dom_vuoto_svg-tex.pdf, page 5>
Package pdftex.def Info: ./svg-inkscape/dom_vuoto_svg-tex.pdf , page5 used on i
nput line 64.
(pdftex.def)             Requested size: 434.88036pt x 137.49016pt.
<./svg-inkscape/dom_vuoto_svg-tex.pdf, id=192, page=6, 434.88142pt x 137.49051p
t>
File: ./svg-inkscape/dom_vuoto_svg-tex.pdf Graphic file (type pdf)
<use ./svg-inkscape/dom_vuoto_svg-tex.pdf, page 6>
Package pdftex.def Info: ./svg-inkscape/dom_vuoto_svg-tex.pdf , page6 used on i
nput line 66.
(pdftex.def)             Requested size: 434.88036pt x 137.49016pt.
<./svg-inkscape/dom_vuoto_svg-tex.pdf, id=193, page=7, 434.88142pt x 137.49051p
t>
File: ./svg-inkscape/dom_vuoto_svg-tex.pdf Graphic file (type pdf)
<use ./svg-inkscape/dom_vuoto_svg-tex.pdf, page 7>
Package pdftex.def Info: ./svg-inkscape/dom_vuoto_svg-tex.pdf , page7 used on i
nput line 68.
(pdftex.def)             Requested size: 434.88036pt x 137.49016pt.
<./svg-inkscape/dom_vuoto_svg-tex.pdf, id=194, page=8, 434.88142pt x 137.49051p
t>
File: ./svg-inkscape/dom_vuoto_svg-tex.pdf Graphic file (type pdf)
<use ./svg-inkscape/dom_vuoto_svg-tex.pdf, page 8>
Package pdftex.def Info: ./svg-inkscape/dom_vuoto_svg-tex.pdf , page8 used on i
nput line 70.
(pdftex.def)             Requested size: 434.88036pt x 137.49016pt.
<./svg-inkscape/dom_vuoto_svg-tex.pdf, id=195, page=9, 434.88142pt x 137.49051p
t>
File: ./svg-inkscape/dom_vuoto_svg-tex.pdf Graphic file (type pdf)
<use ./svg-inkscape/dom_vuoto_svg-tex.pdf, page 9>
Package pdftex.def Info: ./svg-inkscape/dom_vuoto_svg-tex.pdf , page9 used on i
nput line 72.
(pdftex.def)             Requested size: 434.88036pt x 137.49016pt.
<./svg-inkscape/dom_vuoto_svg-tex.pdf, id=196, page=10, 434.88142pt x 137.49051
pt>
File: ./svg-inkscape/dom_vuoto_svg-tex.pdf Graphic file (type pdf)
<use ./svg-inkscape/dom_vuoto_svg-tex.pdf, page 10>
Package pdftex.def Info: ./svg-inkscape/dom_vuoto_svg-tex.pdf , page10 used on 
input line 74.
(pdftex.def)             Requested size: 434.88036pt x 137.49016pt.
<./svg-inkscape/dom_vuoto_svg-tex.pdf, id=197, page=11, 434.88142pt x 137.49051
pt>
File: ./svg-inkscape/dom_vuoto_svg-tex.pdf Graphic file (type pdf)
<use ./svg-inkscape/dom_vuoto_svg-tex.pdf, page 11>
Package pdftex.def Info: ./svg-inkscape/dom_vuoto_svg-tex.pdf , page11 used on 
input line 77.
(pdftex.def)             Requested size: 434.88036pt x 137.49016pt.
<./svg-inkscape/dom_vuoto_svg-tex.pdf, id=198, page=12, 434.88142pt x 137.49051
pt>
File: ./svg-inkscape/dom_vuoto_svg-tex.pdf Graphic file (type pdf)
<use ./svg-inkscape/dom_vuoto_svg-tex.pdf, page 12>
Package pdftex.def Info: ./svg-inkscape/dom_vuoto_svg-tex.pdf , page12 used on 
input line 79.
(pdftex.def)             Requested size: 434.88036pt x 137.49016pt.
<./svg-inkscape/dom_vuoto_svg-tex.pdf, id=199, page=13, 434.88142pt x 137.49051
pt>
File: ./svg-inkscape/dom_vuoto_svg-tex.pdf Graphic file (type pdf)
<use ./svg-inkscape/dom_vuoto_svg-tex.pdf, page 13>
Package pdftex.def Info: ./svg-inkscape/dom_vuoto_svg-tex.pdf , page13 used on 
input line 81.
(pdftex.def)             Requested size: 434.88036pt x 137.49016pt.
)
Overfull \hbox (89.88141pt too wide) in paragraph at lines 571--572
[][] 
 []



[9 <./svg-inkscape/dom_vuoto_svg-tex.pdf> <./svg-inkscape/dom_vuoto_svg-tex.pdf


pdfTeX warning: pdflatex (file ./svg-inkscape/dom_vuoto_svg-tex.pdf): PDF inclu
sion: multiple pdfs with page group included in a single page
> <./svg-inkscape/dom_vuoto_svg-tex.pdf

pdfTeX warning: pdflatex (file ./svg-inkscape/dom_vuoto_svg-tex.pdf): PDF inclu
sion: multiple pdfs with page group included in a single page
> <./svg-inkscape/dom_vuoto_svg-tex.pdf

pdfTeX warning: pdflatex (file ./svg-inkscape/dom_vuoto_svg-tex.pdf): PDF inclu
sion: multiple pdfs with page group included in a single page
> <./svg-inkscape/dom_vuoto_svg-tex.pdf

pdfTeX warning: pdflatex (file ./svg-inkscape/dom_vuoto_svg-tex.pdf): PDF inclu
sion: multiple pdfs with page group included in a single page
> <./svg-inkscape/dom_vuoto_svg-tex.pdf

pdfTeX warning: pdflatex (file ./svg-inkscape/dom_vuoto_svg-tex.pdf): PDF inclu
sion: multiple pdfs with page group included in a single page
> <./svg-inkscape/dom_vuoto_svg-tex.pdf

pdfTeX warning: pdflatex (file ./svg-inkscape/dom_vuoto_svg-tex.pdf): PDF inclu
sion: multiple pdfs with page group included in a single page
> <./svg-inkscape/dom_vuoto_svg-tex.pdf

pdfTeX warning: pdflatex (file ./svg-inkscape/dom_vuoto_svg-tex.pdf): PDF inclu
sion: multiple pdfs with page group included in a single page
> <./svg-inkscape/dom_vuoto_svg-tex.pdf

pdfTeX warning: pdflatex (file ./svg-inkscape/dom_vuoto_svg-tex.pdf): PDF inclu
sion: multiple pdfs with page group included in a single page
> <./svg-inkscape/dom_vuoto_svg-tex.pdf

pdfTeX warning: pdflatex (file ./svg-inkscape/dom_vuoto_svg-tex.pdf): PDF inclu
sion: multiple pdfs with page group included in a single page
> <./svg-inkscape/dom_vuoto_svg-tex.pdf

pdfTeX warning: pdflatex (file ./svg-inkscape/dom_vuoto_svg-tex.pdf): PDF inclu
sion: multiple pdfs with page group included in a single page
> <./svg-inkscape/dom_vuoto_svg-tex.pdf

pdfTeX warning: pdflatex (file ./svg-inkscape/dom_vuoto_svg-tex.pdf): PDF inclu
sion: multiple pdfs with page group included in a single page
> <./svg-inkscape/dom_vuoto_svg-tex.pdf

pdfTeX warning: pdflatex (file ./svg-inkscape/dom_vuoto_svg-tex.pdf): PDF inclu
sion: multiple pdfs with page group included in a single page
>]

[10]

[11]
LaTeX Font Info:    Font shape `TS1/lmtt/bx/n' in size <10> not available
(Font)              Font shape `TS1/lmtt/b/n' tried instead on input line 754.

Overfull \hbox (6.83128pt too wide) in paragraph at lines 766--770
[]\T1/lmtt/b/n/10 $pdo->setAttribute(PDO::ATTR_ERRMODE, PDO::ERRMODE_EXCEPTION)
;\T1/lmr/m/n/10 (-20) :
 []


Underfull \hbox (badness 10000) in paragraph at lines 770--774
[]\T1/lmtt/b/n/10 $sql = "SELECT id, data_ordine, cliente, prodotto, quantita
 []



[12] (./manuale.aux)
 ***********
LaTeX2e <2024-11-01> patch level 2
L3 programming layer <2025-01-18>
 ***********


LaTeX Warning: Label(s) may have changed. Rerun to get cross-references right.

 ) 
Here is how much of TeX's memory you used:
 16586 strings out of 475087
 286133 string characters out of 5765197
 727670 words of memory out of 5000000
 39066 multiletter control sequences out of 15000+600000
 620947 words of font info for 142 fonts, out of 8000000 for 9000
 59 hyphenation exceptions out of 8191
 94i,12n,93p,1004b,737s stack positions out of 10000i,1000n,20000p,200000b,200000s
</usr/share/texmf-dist/fonts/type1/public/lm/lmbx10.pfb></usr/share/texmf-dis
t/fonts/type1/public/lm/lmbx12.pfb></usr/share/texmf-dist/fonts/type1/public/lm
/lmbxi10.pfb></usr/share/texmf-dist/fonts/type1/public/lm/lmr10.pfb></usr/share
/texmf-dist/fonts/type1/public/lm/lmr17.pfb></usr/share/texmf-dist/fonts/type1/
public/lm/lmri10.pfb></usr/share/texmf-dist/fonts/type1/public/lm/lmtk10.pfb></
usr/share/texmf-dist/fonts/type1/public/lm/lmtt10.pfb></usr/share/texmf-dist/fo
nts/type1/public/lm/lmtti10.pfb>
Output written on manuale.pdf (12 pages, 301346 bytes).
PDF statistics:
 364 PDF objects out of 1000 (max. 8388607)
 250 compressed objects within 3 object streams
 51 named destinations out of 1000 (max. 500000)
 35404 words of extra memory for PDF output out of 35830 (max. 10000000)

